{"error":"error loading .env file from c:\\Users\\patil\\OneDrive\\Desktop\\graphql\\go-graphql\\cmd\\.env: open c:\\Users\\patil\\OneDrive\\Desktop\\graphql\\go-graphql\\cmd\\.env: The system cannot find the file specified.","file":"c:/Users/patil/OneDrive/Desktop/graphql/go-graphql/cmd/server/main.go","level":"fatal","line":21,"msg":"Failed to load environment variables","time":"2025-01-12T00:42:35+05:30"}
{"level":"info","msg":"Environment variables loaded successfully","time":"2025-01-12T00:43:05+05:30"}
{"level":"info","msg":"Gin router initialized","time":"2025-01-12T00:43:05+05:30"}
{"level":"info","msg":"Database connection established","time":"2025-01-12T00:43:06+05:30"}
{"level":"info","msg":"GraphQL server initialized","time":"2025-01-12T00:43:06+05:30"}
{"level":"info","msg":"Routes configured","time":"2025-01-12T00:43:06+05:30"}
{"level":"info","msg":"Starting server at http://localhost:8080/playground","time":"2025-01-12T00:43:06+05:30"}
{"level":"info","msg":"Environment variables loaded successfully","time":"2025-01-12T00:43:36+05:30"}
{"level":"info","msg":"Gin router initialized","time":"2025-01-12T00:43:36+05:30"}
{"level":"info","msg":"Database connection established","time":"2025-01-12T00:43:36+05:30"}
{"level":"info","msg":"GraphQL server initialized","time":"2025-01-12T00:43:36+05:30"}
{"level":"info","msg":"Routes configured","time":"2025-01-12T00:43:36+05:30"}
{"level":"info","msg":"Starting server at http://localhost:8080/playground","time":"2025-01-12T00:43:36+05:30"}
{"level":"info","msg":"Environment variables loaded successfully","time":"2025-01-12T00:48:06+05:30"}
{"level":"info","msg":"Gin router initialized","time":"2025-01-12T00:48:06+05:30"}
{"level":"info","msg":"Database connection established","time":"2025-01-12T00:48:06+05:30"}
{"level":"info","msg":"GraphQL server initialized","time":"2025-01-12T00:48:06+05:30"}
{"level":"info","msg":"Routes configured","time":"2025-01-12T00:48:06+05:30"}
{"level":"info","msg":"Starting server at http://localhost:8080/playground","time":"2025-01-12T00:48:06+05:30"}
{"level":"info","msg":"Fetching all tenants","operation":"AllTenants","time":"2025-01-12T00:48:43+05:30"}
{"count":3,"level":"info","msg":"Found tenants","operation":"AllTenants","time":"2025-01-12T00:48:43+05:30"}
{"level":"info","msg":"Found parent organization","operation":"AllTenants","parentID":"11111111-1111-1111-1111-111111111111","tenantID":"4a357cac-f67c-4dc5-803e-7d15f01626eb","time":"2025-01-12T00:48:43+05:30"}
{"level":"info","msg":"Updated tenant with metadata","operation":"AllTenants","tenantID":"4a357cac-f67c-4dc5-803e-7d15f01626eb","time":"2025-01-12T00:48:43+05:30"}
{"level":"info","msg":"Updated tenant with metadata","operation":"AllTenants","tenantID":"53c1ae9e-9df7-4487-b483-c7a20441431e","time":"2025-01-12T00:48:43+05:30"}
{"level":"info","msg":"Found parent organization","operation":"AllTenants","parentID":"11111111-1111-1111-1111-111111111111","tenantID":"9fd843e9-ef1d-43e2-940b-6303657ae0ce","time":"2025-01-12T00:48:43+05:30"}
{"level":"info","msg":"Updated tenant with metadata","operation":"AllTenants","tenantID":"9fd843e9-ef1d-43e2-940b-6303657ae0ce","time":"2025-01-12T00:48:43+05:30"}
{"level":"info","msg":"Fetching all tenants","operation":"AllTenants","time":"2025-01-12T00:48:55+05:30"}
{"count":3,"level":"info","msg":"Found tenants","operation":"AllTenants","time":"2025-01-12T00:48:55+05:30"}
{"level":"info","msg":"Found parent organization","operation":"AllTenants","parentID":"11111111-1111-1111-1111-111111111111","tenantID":"4a357cac-f67c-4dc5-803e-7d15f01626eb","time":"2025-01-12T00:48:55+05:30"}
{"level":"info","msg":"Updated tenant with metadata","operation":"AllTenants","tenantID":"4a357cac-f67c-4dc5-803e-7d15f01626eb","time":"2025-01-12T00:48:55+05:30"}
{"level":"info","msg":"Updated tenant with metadata","operation":"AllTenants","tenantID":"53c1ae9e-9df7-4487-b483-c7a20441431e","time":"2025-01-12T00:48:55+05:30"}
{"level":"info","msg":"Found parent organization","operation":"AllTenants","parentID":"11111111-1111-1111-1111-111111111111","tenantID":"9fd843e9-ef1d-43e2-940b-6303657ae0ce","time":"2025-01-12T00:48:55+05:30"}
{"level":"info","msg":"Updated tenant with metadata","operation":"AllTenants","tenantID":"9fd843e9-ef1d-43e2-940b-6303657ae0ce","time":"2025-01-12T00:48:55+05:30"}
{"level":"info","msg":"Environment variables loaded successfully","time":"2025-01-12T00:59:11+05:30"}
{"level":"info","msg":"Gin router initialized","time":"2025-01-12T00:59:11+05:30"}
{"level":"info","msg":"Database connection established","time":"2025-01-12T00:59:11+05:30"}
{"level":"info","msg":"GraphQL server initialized","time":"2025-01-12T00:59:11+05:30"}
{"level":"info","msg":"Routes configured","time":"2025-01-12T00:59:11+05:30"}
{"level":"info","msg":"Starting server at http://localhost:8080/playground","time":"2025-01-12T00:59:11+05:30"}
{"level":"info","msg":"Environment variables loaded successfully","time":"2025-01-12T01:06:51+05:30"}
{"level":"info","msg":"Gin router initialized","time":"2025-01-12T01:06:51+05:30"}
{"level":"info","msg":"Database connection established","time":"2025-01-12T01:06:51+05:30"}
{"level":"info","msg":"GraphQL server initialized","time":"2025-01-12T01:06:51+05:30"}
{"level":"info","msg":"Routes configured","time":"2025-01-12T01:06:51+05:30"}
{"level":"info","msg":"Starting server at http://localhost:8080/playground","time":"2025-01-12T01:06:51+05:30"}
{"level":"info","msg":"Environment variables loaded successfully","time":"2025-01-12T01:08:18+05:30"}
{"level":"info","msg":"Gin router initialized","time":"2025-01-12T01:08:18+05:30"}
{"level":"info","msg":"Database connection established","time":"2025-01-12T01:08:18+05:30"}
{"level":"info","msg":"GraphQL server initialized","time":"2025-01-12T01:08:18+05:30"}
{"level":"info","msg":"Routes configured","time":"2025-01-12T01:08:18+05:30"}
{"level":"info","msg":"Starting server at http://localhost:8080/playground","time":"2025-01-12T01:08:18+05:30"}
{"level":"info","msg":"Environment variables loaded successfully","time":"2025-01-12T01:15:20+05:30"}
{"level":"info","msg":"Gin router initialized","time":"2025-01-12T01:15:20+05:30"}
{"level":"info","msg":"Database connection established","time":"2025-01-12T01:15:20+05:30"}
{"level":"info","msg":"GraphQL server initialized","time":"2025-01-12T01:15:20+05:30"}
{"level":"info","msg":"Routes configured","time":"2025-01-12T01:15:20+05:30"}
{"level":"info","msg":"Starting server at http://localhost:8080/playground","time":"2025-01-12T01:15:20+05:30"}
{"level":"info","msg":"Environment variables loaded successfully","time":"2025-01-12T01:22:12+05:30"}
{"level":"info","msg":"Gin router initialized","time":"2025-01-12T01:22:12+05:30"}
{"level":"info","msg":"Database connection established","time":"2025-01-12T01:22:12+05:30"}
{"level":"info","msg":"GraphQL server initialized","time":"2025-01-12T01:22:12+05:30"}
{"level":"info","msg":"Routes configured","time":"2025-01-12T01:22:12+05:30"}
{"level":"info","msg":"Starting server at http://localhost:8080/playground","time":"2025-01-12T01:22:12+05:30"}
{"level":"info","msg":"Environment variables loaded successfully","time":"2025-01-12T01:23:53+05:30"}
{"level":"info","msg":"Gin router initialized","time":"2025-01-12T01:23:53+05:30"}
{"level":"info","msg":"Database connection established","time":"2025-01-12T01:23:53+05:30"}
{"level":"info","msg":"GraphQL server initialized","time":"2025-01-12T01:23:53+05:30"}
{"level":"info","msg":"Routes configured","time":"2025-01-12T01:23:53+05:30"}
{"level":"info","msg":"Starting server at http://localhost:8080/playground","time":"2025-01-12T01:23:53+05:30"}
{"level":"info","msg":"Environment variables loaded successfully","time":"2025-01-12T01:27:03+05:30"}
{"level":"info","msg":"Gin router initialized","time":"2025-01-12T01:27:03+05:30"}
{"level":"info","msg":"Database connection established","time":"2025-01-12T01:27:03+05:30"}
{"level":"info","msg":"GraphQL server initialized","time":"2025-01-12T01:27:03+05:30"}
{"level":"info","msg":"Routes configured","time":"2025-01-12T01:27:03+05:30"}
{"level":"info","msg":"Starting server at http://localhost:8080/playground","time":"2025-01-12T01:27:03+05:30"}
{"level":"info","msg":"Environment variables loaded successfully","time":"2025-01-12T01:30:56+05:30"}
{"level":"info","msg":"Gin router initialized","time":"2025-01-12T01:30:56+05:30"}
{"level":"info","msg":"Database connection established","time":"2025-01-12T01:30:56+05:30"}
{"level":"info","msg":"GraphQL server initialized","time":"2025-01-12T01:30:56+05:30"}
{"level":"info","msg":"Routes configured","time":"2025-01-12T01:30:56+05:30"}
{"level":"info","msg":"Starting server at http://localhost:8080/playground","time":"2025-01-12T01:30:56+05:30"}
{"level":"info","msg":"Environment variables loaded successfully","time":"2025-01-12T01:39:02+05:30"}
{"level":"info","msg":"Gin router initialized","time":"2025-01-12T01:39:02+05:30"}
{"level":"info","msg":"Database connection established","time":"2025-01-12T01:39:03+05:30"}
{"level":"info","msg":"GraphQL server initialized","time":"2025-01-12T01:39:03+05:30"}
{"level":"info","msg":"Routes configured","time":"2025-01-12T01:39:03+05:30"}
{"level":"info","msg":"Starting server at http://localhost:8080/playground","time":"2025-01-12T01:39:03+05:30"}
{"level":"info","msg":"Environment variables loaded successfully","time":"2025-01-12T01:43:35+05:30"}
{"level":"info","msg":"Gin router initialized","time":"2025-01-12T01:43:35+05:30"}
{"level":"info","msg":"Database connection established","time":"2025-01-12T01:43:35+05:30"}
{"level":"info","msg":"GraphQL server initialized","time":"2025-01-12T01:43:35+05:30"}
{"level":"info","msg":"Routes configured","time":"2025-01-12T01:43:35+05:30"}
{"level":"info","msg":"Starting server at http://localhost:8080/playground","time":"2025-01-12T01:43:35+05:30"}
